<?xml version="1.0" encoding="UTF-8"?>
<!-- Generated by org.testng.reporters.JUnitReportReporter -->
<testsuite hostname="hp" failures="0" tests="1" name="stepdefination.PaytmCom_Runner" time="25.781" errors="0" timestamp="2024-01-01T11:39:59 IST" skipped="0">
  <testcase classname="stepdefination.PaytmCom_Runner" name="runScenario" time="25.781"/>
  <system-out/>
</testsuite> <!-- stepdefination.PaytmCom_Runner -->
