<?xml version="1.0" encoding="UTF-8"?>
<!-- Generated by org.testng.reporters.JUnitReportReporter -->
<testsuite hostname="DESKTOP-SK6KN3T" failures="0" tests="1" name="stepdefination.RunnersClass" time="28.411" errors="0" timestamp="2023-12-26T16:17:33 IST" skipped="0">
  <testcase classname="stepdefination.RunnersClass" name="runScenario" time="28.411"/>
  <system-out/>
</testsuite> <!-- stepdefination.RunnersClass -->
