<?xml version="1.0" encoding="UTF-8"?>
<!-- Generated by org.testng.reporters.JUnitReportReporter -->
<testsuite hostname="hp" failures="0" tests="1" name="stepdefination.RunnersClass" time="26.832" errors="0" timestamp="2024-01-02T16:21:59 IST" skipped="0">
  <testcase classname="stepdefination.RunnersClass" name="runScenario" time="26.832"/>
  <system-out/>
</testsuite> <!-- stepdefination.RunnersClass -->
