<?xml version="1.0" encoding="UTF-8"?>
<!-- Generated by org.testng.reporters.JUnitReportReporter -->
<testsuite hostname="DESKTOP-IEPVL3O" failures="0" tests="1" name="stepdefination.DataTableRunner" time="51.381" errors="0" timestamp="2024-01-04T15:20:32 IST" skipped="0">
  <testcase classname="stepdefination.DataTableRunner" name="runScenario" time="51.381"/>
  <system-out/>
</testsuite> <!-- stepdefination.DataTableRunner -->
